<?xml version="1.0" encoding="UTF-8"?>
<!-- Generated by org.testng.reporters.JUnitReportReporter -->
<testsuite hostname="VAIO" failures="0" tests="2" name="organisationTest.NewOrgTest" time="0.039" errors="0" timestamp="2021-10-19T10:20:15 IST" skipped="0">
  <testcase classname="organisationTest.NewOrgTest" name="TC_01" time="0.029"/>
  <system-out/>
  <testcase classname="organisationTest.NewOrgTest" name="TC_02" time="0.010"/>
  <system-out/>
</testsuite> <!-- organisationTest.NewOrgTest -->
