<?xml version="1.0" encoding="UTF-8"?>
<!-- Generated by org.testng.reporters.JUnitReportReporter -->
<testsuite hostname="VAIO" failures="0" tests="2" name="opportunityTest.NewOppTest" time="0.032" errors="0" timestamp="2021-10-19T10:20:15 IST" skipped="0">
  <testcase classname="opportunityTest.NewOppTest" name="TC_01" time="0.005"/>
  <system-out/>
  <testcase classname="opportunityTest.NewOppTest" name="TC_02" time="0.027"/>
  <system-out/>
</testsuite> <!-- opportunityTest.NewOppTest -->
